{
  "stats": {
    "suites": 1,
    "tests": 1,
    "passes": 1,
    "pending": 0,
    "failures": 0,
    "start": "2024-06-23T04:37:06.865Z",
    "end": "2024-06-23T04:37:11.767Z",
    "duration": 4902,
    "testsRegistered": 1,
    "passPercent": 100,
    "pendingPercent": 0,
    "other": 0,
    "hasOther": false,
    "skipped": 0,
    "hasSkipped": false
  },
  "results": [
    {
      "uuid": "a35eaea2-bdea-4b1d-97cf-220c3d67d763",
      "title": "",
      "fullFile": "cypress\\e2e\\login.cy.js",
      "file": "cypress\\e2e\\login.cy.js",
      "beforeHooks": [],
      "afterHooks": [],
      "tests": [],
      "suites": [
        {
          "uuid": "f1318972-3324-481b-9732-9482497907ce",
          "title": "Login with inputs",
          "fullFile": "",
          "file": "",
          "beforeHooks": [],
          "afterHooks": [],
          "tests": [
            {
              "title": "failed login",
              "fullTitle": "Login with inputs failed login",
              "timedOut": null,
              "duration": 4854,
              "state": "passed",
              "speed": "fast",
              "pass": true,
              "fail": false,
              "pending": false,
              "context": "[\n  \"assets/images/login.cy.js/Login with inputs -- failed login.png\",\n  \"assets/videos/login.cy.js.mp4\"\n]",
              "code": "cy.visit('https://www.saucedemo.com/');\ncy.url().should('include', 'saucedemo.com');\ncy.get('#user-name').clear();\ncy.get('#user-name').type('username').should('have.value', 'username');\ncy.get('input[name=\"password\"]').clear();\ncy.get('input[name=\"password\"]').type('password').should('have.value', 'password');\ncy.get('.btn_action').click();\n// cy.get('.alert-error').should('contain', 'Login and/or password are wrong.')\n// cy.get('a').should('contain', 'Account Summary')",
              "err": {},
              "uuid": "ff1caef2-0c51-4092-b600-f022bdb4e658",
              "parentUUID": "f1318972-3324-481b-9732-9482497907ce",
              "isHook": false,
              "skipped": false
            }
          ],
          "suites": [],
          "passes": [
            "ff1caef2-0c51-4092-b600-f022bdb4e658"
          ],
          "failures": [],
          "pending": [],
          "skipped": [],
          "duration": 4854,
          "root": false,
          "rootEmpty": false,
          "_timeout": 2000
        }
      ],
      "passes": [],
      "failures": [],
      "pending": [],
      "skipped": [],
      "duration": 0,
      "root": true,
      "rootEmpty": true,
      "_timeout": 2000
    }
  ],
  "meta": {
    "mocha": {
      "version": "7.0.1"
    },
    "mochawesome": {
      "options": {
        "quiet": false,
        "reportFilename": "Saucedemo-report",
        "saveHtml": true,
        "saveJson": true,
        "consoleReporter": "spec",
        "useInlineDiffs": false,
        "code": true
      },
      "version": "7.1.3"
    },
    "marge": {
      "options": {
        "reportDir": "cypress/mochawesomeresults",
        "reportFilename": "Saucedemo-report",
        "reportPageTitle": "Cypress-Web-Saucedemo",
        "overwrite": false,
        "html": true,
        "json": true
      },
      "version": "6.2.0"
    }
  }
}